  2.1760000e+003  1.8690000e+003  2.4700000e+003  1.9630000e+003
  2.1950000e+003  2.1860000e+003  2.2320000e+003  2.3990000e+003
  2.1290000e+003  2.1580000e+003  2.0410000e+003  2.0980000e+003
  2.0370000e+003  2.1840000e+003  2.0900000e+003  2.2920000e+003
  1.9550000e+003  2.3050000e+003  1.9110000e+003  2.3530000e+003
  1.9650000e+003  2.1310000e+003  2.1220000e+003  1.9560000e+003
  2.1750000e+003  1.8690000e+003  2.4630000e+003  1.9650000e+003
  2.1950000e+003  2.1860000e+003  2.2320000e+003  2.3980000e+003
  2.1290000e+003  2.1580000e+003  2.0410000e+003  2.0930000e+003
  2.0360000e+003  2.1840000e+003  2.0900000e+003  2.2930000e+003
  1.9550000e+003  2.3070000e+003  1.9090000e+003  2.3530000e+003
  1.9650000e+003  2.1330000e+003  2.1200000e+003  1.9560000e+003
  2.1730000e+003  1.8780000e+003  2.4770000e+003  1.9720000e+003
  2.1960000e+003  2.2010000e+003  2.2370000e+003  2.4130000e+003
  2.1270000e+003  2.1720000e+003  2.0500000e+003  2.1020000e+003
  2.0460000e+003  2.1910000e+003  2.0870000e+003  2.2960000e+003
  1.9630000e+003  2.3070000e+003  1.9120000e+003  2.3490000e+003
  1.9720000e+003  2.1230000e+003  2.1330000e+003  1.9480000e+003
  2.1760000e+003  1.8780000e+003  2.4740000e+003  1.9610000e+003
  2.1990000e+003  2.1940000e+003  2.2360000e+003  2.3960000e+003
  2.1380000e+003  2.1690000e+003  2.0580000e+003  2.0880000e+003
  2.0600000e+003  2.1890000e+003  2.0860000e+003  2.2640000e+003
  1.9760000e+003  2.2930000e+003  1.9210000e+003  2.3240000e+003
  1.9890000e+003  2.1160000e+003  2.1470000e+003  1.9130000e+003
  2.1670000e+003  1.8930000e+003  2.4890000e+003  1.9820000e+003
  2.1960000e+003  2.2160000e+003  2.2570000e+003  2.4290000e+003
  2.1300000e+003  2.1870000e+003  2.0680000e+003  2.1110000e+003
  2.0540000e+003  2.1950000e+003  2.0910000e+003  2.2880000e+003
  1.9680000e+003  2.2940000e+003  1.9290000e+003  2.3530000e+003
  1.9870000e+003  2.1090000e+003  2.1590000e+003  1.9270000e+003
  2.1700000e+003  1.8790000e+003  2.4990000e+003  1.9690000e+003
  2.1990000e+003  2.2040000e+003  2.2760000e+003  2.4190000e+003
  2.1360000e+003  2.1720000e+003  2.0770000e+003  2.1090000e+003
  2.0570000e+003  2.1820000e+003  2.1060000e+003  2.2800000e+003
  1.9710000e+003  2.2740000e+003  1.9370000e+003  2.3600000e+003
  1.9930000e+003  2.0930000e+003  2.1610000e+003  1.9240000e+003
  2.1610000e+003  1.8730000e+003  2.4860000e+003  1.9630000e+003
  2.1910000e+003  2.1950000e+003  2.2640000e+003  2.4100000e+003
  2.1330000e+003  2.1720000e+003  2.0740000e+003  2.1010000e+003
  2.0620000e+003  2.1770000e+003  2.0930000e+003  2.2750000e+003
  1.9800000e+003  2.2660000e+003  1.9330000e+003  2.3490000e+003
  2.0020000e+003  2.0820000e+003  2.1670000e+003  1.9120000e+003
  2.1600000e+003  1.8810000e+003  2.4920000e+003  1.9770000e+003
  2.1860000e+003  2.2070000e+003  2.2380000e+003  2.4250000e+003
  2.1300000e+003  2.1820000e+003  2.0720000e+003  2.1180000e+003
  2.0530000e+003  2.1910000e+003  2.0910000e+003  2.2930000e+003
  1.9680000e+003  2.2790000e+003  1.9250000e+003  2.3780000e+003
  1.9860000e+003  2.0980000e+003  2.1570000e+003  1.9300000e+003
  2.1570000e+003  1.8770000e+003  2.4920000e+003  1.9770000e+003
  2.1810000e+003  2.2000000e+003  2.2390000e+003  2.4260000e+003
  2.1220000e+003  2.1790000e+003  2.0720000e+003  2.1160000e+003
  2.0430000e+003  2.1900000e+003  2.0830000e+003  2.2960000e+003
  1.9540000e+003  2.2770000e+003  1.9120000e+003  2.3810000e+003
  1.9730000e+003  2.1010000e+003  2.1410000e+003  1.9360000e+003
  2.1650000e+003  1.8790000e+003  2.4890000e+003  1.9720000e+003
  2.1870000e+003  2.1930000e+003  2.2590000e+003  2.3810000e+003
  2.1310000e+003  2.1850000e+003  2.0730000e+003  2.1080000e+003
  2.0570000e+003  2.1970000e+003  2.0840000e+003  2.2860000e+003
  1.9680000e+003  2.2890000e+003  1.9120000e+003  2.3460000e+003
  1.9900000e+003  2.1130000e+003  2.1610000e+003  1.9190000e+003
  2.1480000e+003  1.8740000e+003  2.4790000e+003  1.9660000e+003
  2.1740000e+003  2.1890000e+003  2.2490000e+003  2.3840000e+003
  2.1200000e+003  2.1790000e+003  2.0660000e+003  2.1030000e+003
  2.0480000e+003  2.1860000e+003  2.0830000e+003  2.2730000e+003
  1.9660000e+003  2.2770000e+003  1.9160000e+003  2.3320000e+003
  1.9860000e+003  2.0930000e+003  2.1540000e+003  1.8880000e+003
  2.1410000e+003  1.8630000e+003  2.4660000e+003  1.9510000e+003
  2.1700000e+003  2.1670000e+003  2.2330000e+003  2.3470000e+003
  2.1190000e+003  2.1790000e+003  2.0530000e+003  2.0590000e+003
  2.0450000e+003  2.1940000e+003  2.0650000e+003  2.2330000e+003
  1.9570000e+003  2.2670000e+003  1.8780000e+003  2.3030000e+003
  1.9790000e+003  2.1070000e+003  2.1220000e+003  1.8380000e+003
  2.1230000e+003  1.8530000e+003  2.4480000e+003  1.9460000e+003
  2.1540000e+003  2.1600000e+003  2.2190000e+003  2.3390000e+003
  2.1070000e+003  2.1700000e+003  2.0450000e+003  2.0600000e+003
  2.0330000e+003  2.1820000e+003  2.0550000e+003  2.2360000e+003
  1.9450000e+003  2.2550000e+003  1.8720000e+003  2.2990000e+003
  1.9660000e+003  2.0920000e+003  2.1190000e+003  1.8380000e+003
