  2.0690000e+003  1.9750000e+003  2.2330000e+003  2.0430000e+003
  2.0970000e+003  2.1000000e+003  2.0720000e+003  2.0840000e+003
  2.0830000e+003  2.0630000e+003  2.0230000e+003  1.9760000e+003
  2.1400000e+003  2.2240000e+003  1.9070000e+003  2.0260000e+003
  1.9840000e+003  2.2890000e+003  1.8630000e+003  2.1340000e+003
  2.0400000e+003  2.0650000e+003  2.0520000e+003  1.9200000e+003
  2.0690000e+003  1.9750000e+003  2.2350000e+003  2.0430000e+003
  2.0970000e+003  2.1010000e+003  2.0720000e+003  2.0830000e+003
  2.0830000e+003  2.0630000e+003  2.0250000e+003  1.9740000e+003
  2.1400000e+003  2.2240000e+003  1.9110000e+003  2.0250000e+003
  1.9840000e+003  2.2890000e+003  1.8640000e+003  2.1330000e+003
  2.0400000e+003  2.0650000e+003  2.0510000e+003  1.9240000e+003
  2.0670000e+003  1.9730000e+003  2.2370000e+003  2.0470000e+003
  2.0930000e+003  2.0990000e+003  2.0700000e+003  2.0900000e+003
  2.0810000e+003  2.0640000e+003  2.0100000e+003  1.9900000e+003
  2.1360000e+003  2.2260000e+003  1.9170000e+003  2.0390000e+003
  1.9830000e+003  2.2890000e+003  1.8570000e+003  2.1470000e+003
  2.0350000e+003  2.0660000e+003  2.0490000e+003  1.9330000e+003
  2.0760000e+003  1.9860000e+003  2.2440000e+003  2.0560000e+003
  2.1000000e+003  2.1080000e+003  2.0730000e+003  2.0940000e+003
  2.0890000e+003  2.0700000e+003  2.0040000e+003  2.0000000e+003
  2.1420000e+003  2.2310000e+003  1.9180000e+003  2.0380000e+003
  1.9900000e+003  2.2980000e+003  1.8610000e+003  2.1430000e+003
  2.0430000e+003  2.0690000e+003  2.0530000e+003  1.9320000e+003
  2.0730000e+003  1.9900000e+003  2.2450000e+003  2.0620000e+003
  2.0940000e+003  2.1110000e+003  2.0750000e+003  2.1040000e+003
  2.0870000e+003  2.0720000e+003  2.0180000e+003  2.0130000e+003
  2.1420000e+003  2.2310000e+003  1.9320000e+003  2.0480000e+003
  1.9880000e+003  2.2950000e+003  1.8670000e+003  2.1470000e+003
  2.0450000e+003  2.0700000e+003  2.0600000e+003  1.9360000e+003
  2.0650000e+003  1.9720000e+003  2.2420000e+003  2.0450000e+003
  2.0870000e+003  2.0960000e+003  2.0770000e+003  2.0890000e+003
  2.0790000e+003  2.0600000e+003  2.0150000e+003  1.9930000e+003
  2.1350000e+003  2.2190000e+003  1.9280000e+003  2.0330000e+003
  1.9790000e+003  2.2860000e+003  1.8090000e+003  2.1430000e+003
  2.0350000e+003  2.0620000e+003  2.0560000e+003  1.9300000e+003
  2.0630000e+003  1.9740000e+003  2.2240000e+003  2.0340000e+003
  2.0850000e+003  2.0950000e+003  2.0520000e+003  2.0730000e+003
  2.0780000e+003  2.0580000e+003  1.9880000e+003  1.9720000e+003
  2.1380000e+003  2.2110000e+003  1.9090000e+003  2.0130000e+003
  1.9850000e+003  2.2810000e+003  1.8240000e+003  2.1190000e+003
  2.0400000e+003  2.0540000e+003  2.0450000e+003  1.9110000e+003
  2.0580000e+003  1.9700000e+003  2.2100000e+003  2.0260000e+003
  2.0790000e+003  2.0890000e+003  2.0350000e+003  2.0610000e+003
  2.0700000e+003  2.0520000e+003  1.9820000e+003  1.9670000e+003
  2.1330000e+003  2.2080000e+003  1.8960000e+003  2.0030000e+003
  1.9820000e+003  2.2750000e+003  1.7760000e+003  2.1090000e+003
  2.0350000e+003  2.0490000e+003  2.0320000e+003  1.9020000e+003
  2.0750000e+003  1.9840000e+003  2.2270000e+003  2.0450000e+003
  2.0950000e+003  2.1010000e+003  2.0520000e+003  2.0750000e+003
  2.0840000e+003  2.0640000e+003  1.9890000e+003  1.9910000e+003
  2.1450000e+003  2.2200000e+003  1.9080000e+003  2.0160000e+003
  1.9920000e+003  2.2890000e+003  1.7950000e+003  2.1200000e+003
  2.0460000e+003  2.0630000e+003  2.0460000e+003  1.9090000e+003
  2.0770000e+003  1.9840000e+003  2.2300000e+003  2.0430000e+003
  2.1040000e+003  2.0980000e+003  2.0680000e+003  2.0720000e+003
  2.0920000e+003  2.0570000e+003  2.0140000e+003  1.9970000e+003
  2.1570000e+003  2.2160000e+003  1.9190000e+003  2.0160000e+003
  2.0010000e+003  2.2820000e+003  1.8530000e+003  2.1080000e+003
  2.0610000e+003  2.0530000e+003  2.0680000e+003  1.9030000e+003
  2.0630000e+003  1.9840000e+003  2.2080000e+003  2.0370000e+003
  2.0840000e+003  2.1040000e+003  2.0420000e+003  2.0700000e+003
  2.0790000e+003  2.0690000e+003  1.9890000e+003  1.9980000e+003
  2.1440000e+003  2.2260000e+003  1.9090000e+003  2.0170000e+003
  1.9880000e+003  2.2950000e+003  1.8390000e+003  2.1200000e+003
  2.0460000e+003  2.0650000e+003  2.0430000e+003  1.9090000e+003
  2.0680000e+003  1.9930000e+003  2.1940000e+003  2.0300000e+003
  2.0990000e+003  2.1120000e+003  2.0260000e+003  2.0660000e+003
  2.0800000e+003  2.0770000e+003  1.9920000e+003  1.9870000e+003
  2.1500000e+003  2.2340000e+003  1.8770000e+003  2.0070000e+003
  1.9960000e+003  2.3120000e+003  1.8240000e+003  2.1070000e+003
  2.0530000e+003  2.0760000e+003  2.0350000e+003  1.9020000e+003
  2.0690000e+003  1.9810000e+003  2.1950000e+003  2.0200000e+003
  2.0970000e+003  2.1030000e+003  2.0290000e+003  2.0510000e+003
  2.0800000e+003  2.0690000e+003  2.0030000e+003  1.9700000e+003
  2.1500000e+003  2.2270000e+003  1.8860000e+003  1.9940000e+003
  1.9960000e+003  2.3040000e+003  1.8210000e+003  2.0910000e+003
  2.0500000e+003  2.0690000e+003  2.0330000e+003  1.8910000e+003
  2.0570000e+003  1.9790000e+003  2.1850000e+003  2.0240000e+003
  2.0820000e+003  2.1010000e+003  2.0200000e+003  2.0640000e+003
  2.0710000e+003  2.0680000e+003  1.9940000e+003  1.9910000e+003
  2.1420000e+003  2.2230000e+003  1.8840000e+003  2.0120000e+003
  1.9870000e+003  2.2990000e+003  1.8180000e+003  2.1120000e+003
  2.0440000e+003  2.0640000e+003  2.0300000e+003  1.9130000e+003
  2.0700000e+003  1.9950000e+003  2.2050000e+003  2.0380000e+003
  2.0930000e+003  2.1150000e+003  2.0350000e+003  2.0700000e+003
  2.0740000e+003  2.0810000e+003  2.0020000e+003  2.0020000e+003
  2.1480000e+003  2.2350000e+003  1.8880000e+003  2.0160000e+003
  1.9930000e+003  2.3140000e+003  1.8220000e+003  2.1140000e+003
  2.0480000e+003  2.0760000e+003  2.0390000e+003  1.9120000e+003
  2.0610000e+003  1.9980000e+003  2.0640000e+003  2.0380000e+003
  2.0370000e+003  2.1190000e+003  1.9290000e+003  2.0750000e+003
  2.1230000e+003  2.0840000e+003  1.9140000e+003  2.0000000e+003
  2.0680000e+003  2.2420000e+003  1.8170000e+003  2.0220000e+003
  1.9550000e+003  2.3260000e+003  1.7490000e+003  2.1230000e+003
  2.0460000e+003  2.0930000e+003  1.9740000e+003  1.9270000e+003
  2.0580000e+003  1.9980000e+003  2.0630000e+003  2.0340000e+003
  2.0310000e+003  2.1090000e+003  1.9260000e+003  2.0650000e+003
  2.1090000e+003  2.0810000e+003  1.8940000e+003  1.9990000e+003
  2.0650000e+003  2.2370000e+003  1.8130000e+003  2.0200000e+003
  1.9560000e+003  2.3260000e+003  1.7490000e+003  2.1270000e+003
  2.0400000e+003  2.0920000e+003  1.9690000e+003  1.9290000e+003
  2.0570000e+003  2.0000000e+003  2.0640000e+003  2.0390000e+003
  2.0350000e+003  2.1120000e+003  1.9330000e+003  2.0690000e+003
  2.1280000e+003  2.0770000e+003  1.9100000e+003  2.0060000e+003
  2.0940000e+003  2.2330000e+003  1.8240000e+003  2.0190000e+003
  1.9780000e+003  2.3130000e+003  1.7640000e+003  2.1200000e+003
  2.0640000e+003  2.0810000e+003  1.9910000e+003  1.9200000e+003
  2.0450000e+003  1.9960000e+003  2.0500000e+003  2.0340000e+003
  2.0250000e+003  2.1100000e+003  1.9280000e+003  2.0630000e+003
  2.1190000e+003  2.0760000e+003  1.9050000e+003  1.9880000e+003
  2.0830000e+003  2.2310000e+003  1.8270000e+003  2.0070000e+003
  1.9700000e+003  2.3110000e+003  1.7530000e+003  2.1080000e+003
  2.0530000e+003  2.0760000e+003  1.9840000e+003  1.9080000e+003
  2.0420000e+003  1.9670000e+003  2.0390000e+003  1.9990000e+003
  2.0280000e+003  2.0760000e+003  1.9210000e+003  2.0300000e+003
  2.1190000e+003  2.0580000e+003  1.9010000e+003  1.9750000e+003
  2.0860000e+003  2.2170000e+003  1.8190000e+003  1.9970000e+003
  1.9760000e+003  2.2950000e+003  1.7450000e+003  2.0960000e+003
  2.0580000e+003  2.0620000e+003  1.9710000e+003  1.8980000e+003
