#
# An unexpected error has been detected by Java Runtime Environment:
#
#  EXCEPTION_ACCESS_VIOLATION (0xc0000005) at pc=0x79ab070e, pid=1508, tid=676
#
# Java VM: Java HotSpot(TM) Client VM (11.2-b01 mixed mode windows-x86)
# Problematic frame:
# V  [jvm.dll+0xf070e]
#
# If you would like to submit a bug report, please visit:
#   http://java.sun.com/webapps/bugreport/crash.jsp
#

---------------  T H R E A D  ---------------

Current thread (0x15737800):  JavaThread "AWT-EventQueue-0" [_thread_in_vm, id=676, stack(0x15e60000,0x15ee0000)]

siginfo: ExceptionCode=0xc0000005, reading address 0x00000001

Registers:
EAX=0x00000001, EBX=0x0a06bbc0, ECX=0x05048198, EDX=0x04e3d1e8
ESP=0x15edf7a8, EBP=0x00000000, ESI=0x05048198, EDI=0x156eb5a4
EIP=0x79ab070e, EFLAGS=0x00010202

Top of Stack: (sp=0x15edf7a8)
0x15edf7a8:   156eb5a4 04e3d1e8 15edf818 15737800
0x15edf7b8:   79ab07d7 0a06bbc0 0a06bbc0 156eb97c
0x15edf7c8:   79a8ea3d 156eb5a4 15737800 0a06bbc0
0x15edf7d8:   15edf818 105eaad8 15737800 00000000
0x15edf7e8:   15edf80c 7988f7c0 7984230d 15737914
0x15edf7f8:   15edf828 15737800 0a06bbc0 105eaad8
0x15edf808:   15edf7fc 15edfde4 7988e4d0 00000000
0x15edf818:   15edf838 0566c242 15737914 15edf828 

Instructions: (pc=0x79ab070e)
0x79ab06fe:   00 00 5e 5d 89 18 5b c2 04 00 8b 86 90 00 00 00
0x79ab070e:   8b 08 5f 89 8e 90 00 00 00 5e 5d 89 18 5b c2 04 


Stack: [0x15e60000,0x15ee0000],  sp=0x15edf7a8,  free space=509k
Native frames: (J=compiled Java code, j=interpreted, Vv=VM code, C=native code)
V  [jvm.dll+0xf070e]

[error occurred during error reporting (printing native stack), id 0xc0000005]

Java frames: (J=compiled Java code, j=interpreted, Vv=VM code)
J  sun.awt.windows.WComponentPeer.isObscured()Z
J  javax.swing.JViewport.needsRepaintAfterBlit()Z
J  javax.swing.JViewport.setViewPosition(Ljava/awt/Point;)V
J  javax.swing.JViewport.scrollRectToVisible(Ljava/awt/Rectangle;)V
J  javax.swing.JComponent.scrollRectToVisible(Ljava/awt/Rectangle;)V
J  javax.swing.text.DefaultCaret.adjustVisibility(Ljava/awt/Rectangle;)V
J  com.mathworks.mde.cmdwin.XCaret.adjustVisibility(Ljava/awt/Rectangle;)V
J  javax.swing.text.DefaultCaret.repaintNewCaret()V
J  javax.swing.text.DefaultCaret$1.run()V
J  java.awt.event.InvocationEvent.dispatch()V
J  java.awt.EventQueue.dispatchEvent(Ljava/awt/AWTEvent;)V
J  java.awt.EventDispatchThread.pumpOneEventForFilters(I)Z
J  java.awt.EventDispatchThread.pumpEventsForFilter(ILjava/awt/Conditional;Ljava/awt/EventFilter;)V
j  java.awt.EventDispatchThread.pumpEventsForHierarchy(ILjava/awt/Conditional;Ljava/awt/Component;)V+11
j  java.awt.EventDispatchThread.pumpEvents(ILjava/awt/Conditional;)V+4
j  java.awt.EventDispatchThread.pumpEvents(Ljava/awt/Conditional;)V+3
j  java.awt.EventDispatchThread.run()V+9
v  ~StubRoutines::call_stub

---------------  P R O C E S S  ---------------

Java Threads: ( => current thread )
  0x15330000 JavaThread "Thread-39" [_thread_blocked, id=3548, stack(0x160b0000,0x16130000)]
  0x15aab400 JavaThread "MultiThreadedHttpConnectionManager cleanup" daemon [_thread_blocked, id=2416, stack(0x1a160000,0x1a1e0000)]
  0x158bd800 JavaThread "Thread-15" [_thread_blocked, id=3156, stack(0x173b0000,0x17430000)]
  0x159ca800 JavaThread "Active Reference Queue Daemon" daemon [_thread_blocked, id=2072, stack(0x172b0000,0x17330000)]
  0x159cc800 JavaThread "Timer-8" daemon [_thread_blocked, id=2124, stack(0x17230000,0x172b0000)]
  0x158a4000 JavaThread "FelixPackageAdmin" daemon [_thread_blocked, id=3712, stack(0x171b0000,0x17230000)]
  0x157b1800 JavaThread "FelixStartLevel" daemon [_thread_blocked, id=3704, stack(0x17130000,0x171b0000)]
  0x1587b400 JavaThread "FelixDispatchQueue" [_thread_blocked, id=3664, stack(0x170b0000,0x17130000)]
  0x1598a800 JavaThread "Timer-7" daemon [_thread_blocked, id=2420, stack(0x17020000,0x170a0000)]
  0x1592d800 JavaThread "Timer-1" [_thread_blocked, id=3436, stack(0x16140000,0x161c0000)]
  0x153a5000 JavaThread "TimerQueue" daemon [_thread_blocked, id=2308, stack(0x15f00000,0x15f80000)]
=>0x15737800 JavaThread "AWT-EventQueue-0" [_thread_in_vm, id=676, stack(0x15e60000,0x15ee0000)]
  0x14cd0800 JavaThread "Timer-0" [_thread_blocked, id=3304, stack(0x14fd0000,0x15050000)]
  0x14cbdc00 JavaThread "AWT-Windows" daemon [_thread_in_native, id=3252, stack(0x14f30000,0x14fb0000)]
  0x14cbc400 JavaThread "AWT-Shutdown" [_thread_blocked, id=3220, stack(0x14eb0000,0x14f30000)]
  0x14cbb800 JavaThread "Java2D Disposer" daemon [_thread_blocked, id=3232, stack(0x14e30000,0x14eb0000)]
  0x050cb800 JavaThread "JMI Unnamed Thread" [_thread_in_native, id=2292, stack(0x02e20000,0x03620000)]
  0x05066400 JavaThread "Low Memory Detector" daemon [_thread_blocked, id=2536, stack(0x143b0000,0x14430000)]
  0x05064800 JavaThread "CompilerThread0" daemon [_thread_blocked, id=3020, stack(0x13bb0000,0x143b0000)]
  0x05063000 JavaThread "Attach Listener" daemon [_thread_blocked, id=2992, stack(0x13b30000,0x13bb0000)]
  0x05053400 JavaThread "Finalizer" daemon [_thread_blocked, id=2408, stack(0x13ab0000,0x13b30000)]
  0x0504e800 JavaThread "Reference Handler" daemon [_thread_blocked, id=2396, stack(0x13a30000,0x13ab0000)]
  0x04e3e000 JavaThread "main" [_thread_in_native, id=1412, stack(0x00440000,0x00c40000)]

Other Threads:
  0x05049800 VMThread [stack: 0x13230000,0x13a30000] [id=456]
  0x05071400 WatcherThread [stack: 0x14430000,0x14c30000] [id=2984]

VM state:not at safepoint (normal execution)

VM Mutex/Monitor currently owned by a thread:  ([mutex/lock_event])
[0x04e3d1e8] UNKNOWN - owner thread: 0x15737800

Heap
 def new generation   total 14848K, used 13736K [0x07150000, 0x08160000, 0x09150000)
  eden space 13248K, 100% used [0x07150000, 0x07e40000, 0x07e40000)
  from space 1600K,  30% used [0x07fd0000, 0x0804a3e0, 0x08160000)
  to   space 1600K,   0% used [0x07e40000, 0x07e40000, 0x07fd0000)
 tenured generation   total 49152K, used 41605K [0x09150000, 0x0c150000, 0x0f150000)
   the space 49152K,  84% used [0x09150000, 0x0b9f1740, 0x0b9f1800, 0x0c150000)
 compacting perm gen  total 38912K, used 38714K [0x0f150000, 0x11750000, 0x13150000)
   the space 38912K,  99% used [0x0f150000, 0x1171e8e8, 0x1171ea00, 0x11750000)
No shared spaces configured.

Dynamic libraries:
0x00400000 - 0x00433000 	C:\Program Files\MATLAB\R2009b\bin\win32\matlab.exe
0x7c900000 - 0x7c9b2000 	C:\WINDOWS\system32\ntdll.dll
0x7c800000 - 0x7c8f6000 	C:\WINDOWS\system32\kernel32.dll
0x7bae0000 - 0x7bb89000 	C:\Program Files\MATLAB\R2009b\bin\win32\libut.dll
0x76c90000 - 0x76cb8000 	C:\WINDOWS\system32\imagehlp.dll
0x77c10000 - 0x77c68000 	C:\WINDOWS\system32\msvcrt.dll
0x76bf0000 - 0x76bfb000 	C:\WINDOWS\system32\PSAPI.DLL
0x7c1c0000 - 0x7c1df000 	C:\Program Files\MATLAB\R2009b\bin\win32\LIBEXPAT.dll
0x78130000 - 0x781cb000 	C:\WINDOWS\WinSxS\x86_Microsoft.VC80.CRT_1fc8b3b9a1e18e3b_8.0.50727.3053_x-ww_b80fa8ca\MSVCR80.dll
0x7bf40000 - 0x7c028000 	C:\Program Files\MATLAB\R2009b\bin\win32\icuuc40.dll
0x77dd0000 - 0x77e6b000 	C:\WINDOWS\system32\ADVAPI32.dll
0x77e70000 - 0x77f02000 	C:\WINDOWS\system32\RPCRT4.dll
0x77fe0000 - 0x77ff1000 	C:\WINDOWS\system32\Secur32.dll
0x7b5e0000 - 0x7b5e4000 	C:\Program Files\MATLAB\R2009b\bin\win32\icudt40.dll
0x7b5f0000 - 0x7b5fc000 	C:\Program Files\MATLAB\R2009b\bin\win32\icuio40.dll
0x7b830000 - 0x7b928000 	C:\Program Files\MATLAB\R2009b\bin\win32\icuin40.dll
0x7c420000 - 0x7c4a7000 	C:\WINDOWS\WinSxS\x86_Microsoft.VC80.CRT_1fc8b3b9a1e18e3b_8.0.50727.3053_x-ww_b80fa8ca\MSVCP80.dll
0x7e410000 - 0x7e4a1000 	C:\WINDOWS\system32\USER32.dll
0x77f10000 - 0x77f59000 	C:\WINDOWS\system32\GDI32.dll
0x786f0000 - 0x78728000 	C:\Program Files\MATLAB\R2009b\bin\win32\libmwfl.dll
0x7d390000 - 0x7d39e000 	C:\Program Files\MATLAB\R2009b\bin\win32\boost_date_time-vc80-mt-1_36.dll
0x7d280000 - 0x7d290000 	C:\Program Files\MATLAB\R2009b\bin\win32\boost_signals-vc80-mt-1_36.dll
0x7c710000 - 0x7c717000 	C:\Program Files\MATLAB\R2009b\bin\win32\boost_system-vc80-mt-1_36.dll
0x7b5d0000 - 0x7b5dc000 	C:\Program Files\MATLAB\R2009b\bin\win32\boost_thread-vc80-mt-1_36.dll
0x7bc10000 - 0x7be19000 	C:\Program Files\MATLAB\R2009b\bin\win32\libmwservices.dll
0x7bb90000 - 0x7bc0b000 	C:\Program Files\MATLAB\R2009b\bin\win32\libmx.dll
0x78bc0000 - 0x78bd3000 	C:\Program Files\MATLAB\R2009b\bin\win32\zlib1.dll
0x7be20000 - 0x7bf34000 	C:\Program Files\MATLAB\R2009b\bin\win32\libmwmathutil.dll
0x79cf0000 - 0x79d25000 	C:\Program Files\MATLAB\R2009b\bin\win32\mpath.dll
0x7c2c0000 - 0x7c2f0000 	C:\Program Files\MATLAB\R2009b\bin\win32\mlutil.dll
0x786a0000 - 0x786ce000 	C:\Program Files\MATLAB\R2009b\bin\win32\tbb.dll
0x5d090000 - 0x5d12a000 	C:\WINDOWS\system32\COMCTL32.dll
0x763b0000 - 0x763f9000 	C:\WINDOWS\system32\comdlg32.dll
0x7c9c0000 - 0x7d1d7000 	C:\WINDOWS\system32\SHELL32.dll
0x77f60000 - 0x77fd6000 	C:\WINDOWS\system32\SHLWAPI.dll
0x5b860000 - 0x5b8b5000 	C:\WINDOWS\system32\NETAPI32.dll
0x71ab0000 - 0x71ac7000 	C:\WINDOWS\system32\WS2_32.dll
0x71aa0000 - 0x71aa8000 	C:\WINDOWS\system32\WS2HELP.dll
0x7d560000 - 0x7d576000 	C:\Program Files\MATLAB\R2009b\bin\win32\boost_filesystem-vc80-mt-1_36.dll
0x7a270000 - 0x7a2d0000 	C:\Program Files\MATLAB\R2009b\bin\win32\mcr.dll
0x7b600000 - 0x7b64f000 	C:\Program Files\MATLAB\R2009b\bin\win32\iqm.dll
0x7a850000 - 0x7ad3b000 	C:\Program Files\MATLAB\R2009b\bin\win32\m_interpreter.dll
0x7b660000 - 0x7b66c000 	C:\Program Files\MATLAB\R2009b\bin\win32\libmex.dll
0x7a140000 - 0x7a1a4000 	C:\Program Files\MATLAB\R2009b\bin\win32\m_dispatcher.dll
0x7d1e0000 - 0x7d23e000 	C:\Program Files\MATLAB\R2009b\bin\win32\xmlcore.dll
0x79600000 - 0x797c2000 	C:\Program Files\MATLAB\R2009b\bin\win32\xerces-c_2_7.dll
0x7d4b0000 - 0x7d54d000 	C:\Program Files\MATLAB\R2009b\bin\win32\boost_regex-vc80-mt-1_36.dll
0x7a050000 - 0x7a0a7000 	C:\Program Files\MATLAB\R2009b\bin\win32\profiler.dll
0x7b6c0000 - 0x7b6de000 	C:\Program Files\MATLAB\R2009b\bin\win32\libmwmathrng.dll
0x78b40000 - 0x78b52000 	C:\Program Files\MATLAB\R2009b\bin\win32\m_pcodeio.dll
0x79cb0000 - 0x79ce7000 	C:\Program Files\MATLAB\R2009b\bin\win32\m_ir.dll
0x7a350000 - 0x7a843000 	C:\Program Files\MATLAB\R2009b\bin\win32\m_parser.dll
0x7b650000 - 0x7b65e000 	C:\Program Files\MATLAB\R2009b\bin\win32\ir_xfmr.dll
0x78730000 - 0x78891000 	C:\Program Files\MATLAB\R2009b\bin\win32\mcos.dll
0x7b6f0000 - 0x7b6fa000 	C:\Program Files\MATLAB\R2009b\bin\win32\mtok.dll
0x78b20000 - 0x78b36000 	C:\Program Files\MATLAB\R2009b\bin\win32\m_pcodegen.dll
0x78a90000 - 0x78aac000 	C:\Program Files\MATLAB\R2009b\bin\win32\bridge.dll
0x7b2c0000 - 0x7b344000 	C:\Program Files\MATLAB\R2009b\bin\win32\udd.dll
0x7c030000 - 0x7c128000 	C:\Program Files\MATLAB\R2009b\bin\win32\libmwgui.dll
0x78c20000 - 0x79034000 	C:\Program Files\MATLAB\R2009b\bin\win32\hg.dll
0x78ab0000 - 0x78ad7000 	C:\Program Files\MATLAB\R2009b\bin\win32\libmat.dll
0x7b930000 - 0x7bad5000 	C:\Program Files\MATLAB\R2009b\bin\win32\libhdf5.dll
0x79c20000 - 0x79c61000 	C:\Program Files\MATLAB\R2009b\bin\win32\jmi.dll
0x79920000 - 0x7994c000 	C:\Program Files\MATLAB\R2009b\bin\win32\libmwhardcopy.dll
0x79c70000 - 0x79ca9000 	C:\Program Files\MATLAB\R2009b\bin\win32\libuij.dll
0x785d0000 - 0x7869f000 	C:\Program Files\MATLAB\R2009b\bin\win32\hgdatatypes.dll
0x785a0000 - 0x785d0000 	C:\Program Files\MATLAB\R2009b\bin\win32\hgutils.dll
0x78ae0000 - 0x78b11000 	C:\Program Files\MATLAB\R2009b\bin\win32\libmwlapack.dll
0x7b680000 - 0x7b68e000 	C:\Program Files\MATLAB\R2009b\bin\win32\libmwbinder.dll
0x7b350000 - 0x7b5c4000 	C:\Program Files\MATLAB\R2009b\bin\win32\uiw.dll
0x7b730000 - 0x7b739000 	C:\Program Files\MATLAB\R2009b\bin\win32\uinone.dll
0x781d0000 - 0x782df000 	C:\WINDOWS\WinSxS\x86_Microsoft.VC80.MFC_1fc8b3b9a1e18e3b_8.0.50727.762_x-ww_3bf8fa05\MFC80.DLL
0x73000000 - 0x73026000 	C:\WINDOWS\system32\WINSPOOL.DRV
0x774e0000 - 0x7761d000 	C:\WINDOWS\system32\ole32.dll
0x77120000 - 0x771ab000 	C:\WINDOWS\system32\OLEAUT32.dll
0x7a2d0000 - 0x7a346000 	C:\Program Files\MATLAB\R2009b\bin\win32\udd_mi.dll
0x78b60000 - 0x78b73000 	C:\Program Files\MATLAB\R2009b\bin\win32\mwoles05.DLL
0x7a000000 - 0x7a045000 	C:\Program Files\MATLAB\R2009b\bin\win32\comcli.dll
0x7c630000 - 0x7c64b000 	C:\WINDOWS\WinSxS\x86_Microsoft.VC80.ATL_1fc8b3b9a1e18e3b_8.0.50727.4053_x-ww_473666fd\ATL80.DLL
0x7b6e0000 - 0x7b6eb000 	C:\Program Files\MATLAB\R2009b\bin\win32\mlautoregister.dll
0x76390000 - 0x763ad000 	C:\WINDOWS\system32\IMM32.DLL
0x773d0000 - 0x774d3000 	C:\WINDOWS\WinSxS\x86_Microsoft.Windows.Common-Controls_6595b64144ccf1df_6.0.2600.5512_x-ww_35d4ce83\comctl32.dll
0x5d360000 - 0x5d36e000 	C:\WINDOWS\WinSxS\x86_Microsoft.VC80.MFCLOC_1fc8b3b9a1e18e3b_8.0.50727.762_x-ww_91481303\MFC80ENU.DLL
0x5ad70000 - 0x5ada8000 	C:\WINDOWS\system32\uxtheme.dll
0x755c0000 - 0x755ee000 	C:\WINDOWS\system32\msctfime.ime
0x76d60000 - 0x76d79000 	C:\WINDOWS\system32\iphlpapi.dll
0x74290000 - 0x74294000 	C:\WINDOWS\system32\icmp.Dll
0x799c0000 - 0x79c16000 	C:\Program Files\MATLAB\R2009b\sys\java\jre\win32\jre\bin\client\jvm.dll
0x76b40000 - 0x76b6d000 	C:\WINDOWS\system32\WINMM.dll
0x7c1e0000 - 0x7c236000 	C:\Program Files\MATLAB\R2009b\bin\win32\MSVCR71.dll
0x59a60000 - 0x59b01000 	C:\WINDOWS\system32\DBGHELP.dll
0x77c00000 - 0x77c08000 	C:\WINDOWS\system32\VERSION.dll
0x7a100000 - 0x7a108000 	C:\Program Files\MATLAB\R2009b\sys\java\jre\win32\jre\bin\hpi.dll
0x7a120000 - 0x7a12c000 	C:\Program Files\MATLAB\R2009b\sys\java\jre\win32\jre\bin\verify.dll
0x78be0000 - 0x78bff000 	C:\Program Files\MATLAB\R2009b\sys\java\jre\win32\jre\bin\java.dll
0x7a130000 - 0x7a13f000 	C:\Program Files\MATLAB\R2009b\sys\java\jre\win32\jre\bin\zip.dll
0x797d0000 - 0x7991a000 	C:\Program Files\MATLAB\R2009b\sys\java\jre\win32\jre\bin\awt.dll
0x78b80000 - 0x78b98000 	C:\Program Files\MATLAB\R2009b\bin\win32\nativejava.dll
0x78ba0000 - 0x78bbf000 	C:\Program Files\MATLAB\R2009b\bin\win32\nativejmi.dll
0x7b720000 - 0x7b726000 	C:\Program Files\MATLAB\R2009b\bin\win32\nativeservices.dll
0x7a1b0000 - 0x7a204000 	C:\Program Files\MATLAB\R2009b\sys\java\jre\win32\jre\bin\fontmanager.dll
0x78c00000 - 0x78c13000 	C:\Program Files\MATLAB\R2009b\sys\java\jre\win32\jre\bin\net.dll
0x7a110000 - 0x7a119000 	C:\Program Files\MATLAB\R2009b\sys\java\jre\win32\jre\bin\nio.dll
0x68000000 - 0x68036000 	C:\WINDOWS\system32\rsaenh.dll
0x769c0000 - 0x76a74000 	C:\WINDOWS\system32\USERENV.dll
0x71a50000 - 0x71a8f000 	C:\WINDOWS\System32\mswsock.dll
0x76f20000 - 0x76f47000 	C:\WINDOWS\system32\DNSAPI.dll
0x76fb0000 - 0x76fb8000 	C:\WINDOWS\System32\winrnr.dll
0x76f60000 - 0x76f8c000 	C:\WINDOWS\system32\WLDAP32.dll
0x63560000 - 0x63568000 	C:\Program Files\National Instruments\Shared\mDNS Responder\nimdnsNSP.dll
0x63550000 - 0x63559000 	C:\WINDOWS\system32\nimdnsResponder.dll
0x76fc0000 - 0x76fc6000 	C:\WINDOWS\system32\rasadhlp.dll
0x78300000 - 0x78308000 	C:\Program Files\MATLAB\R2009b\bin\win32\nativelmgr.dll
0x15f80000 - 0x15fa4000 	C:\Program Files\MATLAB\R2009b\sys\java\jre\win32\jre\bin\jpeg.dll
0x78310000 - 0x784a1000 	C:\Program Files\MATLAB\R2009b\bin\win32\instutil.dll
0x77b40000 - 0x77b62000 	C:\WINDOWS\system32\appHelp.dll
0x76fd0000 - 0x7704f000 	C:\WINDOWS\system32\CLBCATQ.DLL
0x77050000 - 0x77115000 	C:\WINDOWS\system32\COMRes.dll
0x16290000 - 0x162a7000 	C:\Program Files\Common Files\TortoiseOverlays\TortoiseOverlays.dll
0x162c0000 - 0x162ce000 	C:\Program Files\TortoiseSVN\bin\TortoiseStub.dll
0x162f0000 - 0x163b8000 	C:\Program Files\TortoiseSVN\bin\TortoiseSVN.dll
0x76780000 - 0x76789000 	C:\WINDOWS\system32\SHFOLDER.dll
0x3d930000 - 0x3da01000 	C:\WINDOWS\system32\WININET.dll
0x163d0000 - 0x163d9000 	C:\WINDOWS\system32\Normaliz.dll
0x3dfd0000 - 0x3e015000 	C:\WINDOWS\system32\iertutil.dll
0x6eec0000 - 0x6eee2000 	C:\Program Files\TortoiseSVN\bin\libapr_tsvn.dll
0x163f0000 - 0x16493000 	C:\WINDOWS\WinSxS\x86_Microsoft.VC90.CRT_1fc8b3b9a1e18e3b_9.0.30729.4148_x-ww_d495ac4e\MSVCR90.dll
0x6ee60000 - 0x6ee8f000 	C:\Program Files\TortoiseSVN\bin\libaprutil_tsvn.dll

VM Arguments:
jvm_args: -Xss512k -XX:PermSize=32m -Xms64m -XX:NewRatio=3 -XX:MaxPermSize=64m -Xmx128m -XX:MaxDirectMemorySize=1200000000 -Dsun.java2d.noddraw=true -Dsun.awt.nopixfmt=true -Xshare:off -Xrs -Djava.library.path=C:\Program Files\MATLAB\R2009b\bin\win32 vfprintf abort 
java_command: <unknown>
Launcher Type: generic

Environment Variables:
PATH=C:\WINDOWS\system32;C:\WINDOWS;C:\WINDOWS\System32\Wbem;C:\Program Files\Common Files\Roxio Shared\DLLShared\;C:\Program Files\Common Files\Roxio Shared\9.0\DLLShared\;C:\Program Files\MATLAB\MATLAB Compiler Runtime\v710\runtime\win32;C:\Program Files\IVI Foundation\IVI\bin;C:\Program Files\IVI Foundation\VISA\WinNT\Bin\;C:\PROGRA~1\IVIFOU~1\VISA\WinNT\Bin;C:\Program Files\IVI Foundation\VISA\WinNT\Bin;C:\Program Files\MATLAB\R2009b\bin;C:\Program Files\MATLAB\R2009a\bin;C:\Program Files\MATLAB\R2009a\bin\win32;C:\Program Files\TortoiseSVN\bin;C:\cygwin\bin
USERNAME=Olympiad_local
OS=Windows_NT
PROCESSOR_IDENTIFIER=x86 Family 6 Model 23 Stepping 10, GenuineIntel



---------------  S Y S T E M  ---------------

OS: Windows XP Build 2600 Service Pack 3

CPU:total 2 (2 cores per cpu, 1 threads per core) family 6 model 7 stepping 10, cmov, cx8, fxsr, mmx, sse, sse2, sse3, ssse3

Memory: 4k page, physical 3370532k(1812972k free), swap 4194303k(3961480k free)

vm_info: Java HotSpot(TM) Client VM (11.2-b01) for windows-x86 JRE (1.6.0_12-b04), built on Jan 17 2009 09:57:14 by "java_re" with MS VC++ 7.1

time: Tue Apr 06 14:03:33 2010
elapsed time: 4580 seconds

