  2.1650000e+003  2.1890000e+003  2.2570000e+003  2.0470000e+003
  2.2130000e+003  2.1140000e+003  2.0030000e+003  1.9510000e+003
  2.7860000e+003  2.3330000e+003  1.9020000e+003  1.8380000e+003
  2.2560000e+003  2.1860000e+003  1.9570000e+003  2.0140000e+003
  2.1270000e+003  2.2300000e+003  1.7280000e+003  1.9140000e+003
  2.0640000e+003  1.9540000e+003  2.1080000e+003  1.9060000e+003
  2.2730000e+003  2.1750000e+003  2.0670000e+003  2.0700000e+003
  2.2430000e+003  2.1220000e+003  1.9030000e+003  1.9810000e+003
  2.7800000e+003  2.3550000e+003  1.8090000e+003  1.8550000e+003
  2.2640000e+003  2.1760000e+003  1.8810000e+003  2.0510000e+003
  2.0960000e+003  2.1460000e+003  1.6750000e+003  2.0970000e+003
  2.0710000e+003  1.9830000e+003  1.9380000e+003  1.9630000e+003
  2.3290000e+003  2.0020000e+003  2.2600000e+003  1.8710000e+003
  2.2120000e+003  1.9790000e+003  2.3620000e+003  1.7740000e+003
  2.8430000e+003  2.2110000e+003  2.2340000e+003  1.6450000e+003
  2.3240000e+003  2.0460000e+003  2.1610000e+003  1.8310000e+003
  2.1930000e+003  2.1320000e+003  1.8080000e+003  1.8250000e+003
  2.1710000e+003  1.9980000e+003  2.0740000e+003  1.8160000e+003
  2.4640000e+003  1.8620000e+003  1.8190000e+003  1.6870000e+003
  1.8860000e+003  1.8460000e+003  1.9120000e+003  1.6910000e+003
  2.0610000e+003  2.0740000e+003  2.0150000e+003  1.7630000e+003
  2.0940000e+003  1.9820000e+003  1.9890000e+003  1.9210000e+003
  2.0780000e+003  2.0560000e+003  1.7620000e+003  1.8730000e+003
  2.1340000e+003  1.8850000e+003  2.0430000e+003  1.8680000e+003
  2.5180000e+003  1.8800000e+003  1.8400000e+003  1.6900000e+003
  1.9200000e+003  1.8920000e+003  1.9270000e+003  1.6970000e+003
  2.0870000e+003  2.1230000e+003  2.0010000e+003  1.7740000e+003
  2.1280000e+003  2.0420000e+003  1.9640000e+003  1.9080000e+003
  2.0860000e+003  2.1160000e+003  1.7240000e+003  1.8930000e+003
  2.1360000e+003  1.9380000e+003  2.0030000e+003  1.8610000e+003
